<?xml version="1.0" encoding="UTF-8"?>
<!-- Generated by org.testng.reporters.JUnitXMLReporter -->
<testsuite ignored="3" hostname="LAPTOP-P3PTTN41" failures="1" tests="1" name="Test(failed)" time="13.174" errors="0" timestamp="2022-10-11T19:16:48 IST">
  <testcase classname="org.makeMyTrip.tests.HotelsPageTest" name="validateRoomAndGuests" time="0.216">
    <failure type="java.lang.AssertionError" message="
expected: 1
 but was: 0">
      <![CDATA[java.lang.AssertionError: 
expected: 1
 but was: 0
at org.makeMyTrip.tests.HotelsPageTest.validateRoomAndGuests(HotelsPageTest.java:77)
at java.base/java.util.ArrayList.forEach(ArrayList.java:1541)
... Removed 27 stack frames]]>
    </failure>
  </testcase> <!-- validateRoomAndGuests -->
  <testcase classname="org.makeMyTrip.tests.HotelsPageTest" name="validateHotelsPageLanding" time="0.0">
    <ignored/>
  </testcase> <!-- validateHotelsPageLanding -->
  <testcase classname="org.makeMyTrip.tests.HotelsPageTest" name="hotelBooking" time="0.0">
    <ignored/>
  </testcase> <!-- hotelBooking -->
  <testcase classname="org.makeMyTrip.tests.HotelsPageTest" name="validateSelectHotelCity" time="0.0">
    <ignored/>
  </testcase> <!-- validateSelectHotelCity -->
</testsuite> <!-- Test(failed) -->
